<?xml version="1.0" encoding="UTF-8"?>
<beans xmlns="http://www.springframework.org/schema/beans"
       xmlns:xsi="http://www.w3.org/2001/XMLSchema-instance"
       xmlns:context="http://www.springframework.org/schema/context"
       xmlns:jpa="http://www.springframework.org/schema/data/jpa" xmlns:tx="http://www.springframework.org/schema/tx"
       xsi:schemaLocation="http://www.springframework.org/schema/beans http://www.springframework.org/schema/beans/spring-beans.xsd
		http://www.springframework.org/schema/context http://www.springframework.org/schema/context/spring-context.xsd
		http://www.springframework.org/schema/data/jpa http://www.springframework.org/schema/data/jpa/spring-jpa.xsd http://www.springframework.org/schema/tx http://www.springframework.org/schema/tx/spring-tx-2.5.xsd">
    <context:property-placeholder location="classpath:config.properties"
                                  local-override="true"
                                  ignore-unresolvable="true"
                                  ignore-resource-not-found="false"/>

    <bean id="dataSource"
          class="org.springframework.jdbc.datasource.TransactionAwareDataSourceProxy">
        <property name="targetDataSource">
            <bean destroy-method="close" class="org.apache.commons.dbcp.BasicDataSource">
                <property name="driverClassName" value="${db.driver}"/>
                <property name="url" value="${db.url}"/>
                <property name="username" value="${db.username}"/>
                <property name="password" value="${db.password}"/>
            </bean>
        </property>
    </bean>
    <bean class="org.springframework.dao.annotation.PersistenceExceptionTranslationPostProcessor"/>

    <bean id="entityManagerFactory"
          class="org.springframework.orm.jpa.LocalContainerEntityManagerFactoryBean">
        <property name="dataSource" ref="dataSource"/>
        <property name="persistenceUnitName" value="transactions-optional"/>
        <property name="packagesToScan" value="com.baev.mailexpress.domain"/>
        <property name="jpaPropertyMap">
            <map>
                <entry key="hibernate.show_sql" value="true"/>
                <entry key="hibernate.format_sql" value="true"/>
                <entry key="hibernate.hbm2ddl.auto" value="update"/>
            </map>
        </property>
        <property name="jpaVendorAdapter">
            <bean class="org.springframework.orm.jpa.vendor.HibernateJpaVendorAdapter">
                <property name="showSql" value="${db.showSql}"/>
                <property name="generateDdl" value="${db.generateDdl}"/>
                <property name="databasePlatform" value="${db.dialect}"/>
            </bean>
        </property>
    </bean>
    <tx:annotation-driven transaction-manager="transactionManager"/>
    <bean name="transactionManager" class="org.springframework.orm.jpa.JpaTransactionManager">
        <property name="entityManagerFactory"
                  ref="entityManagerFactory"/>
    </bean>

    <context:component-scan base-package="com.baev.mailexpress.service"/>

    <jpa:repositories base-package="com.baev.mailexpress.dao"/>
</beans>